<?xml version="1.0" encoding="UTF-8"?>
<testsuite xmlns:xsi="http://www.w3.org/2001/XMLSchema-instance" xsi:noNamespaceSchemaLocation="https://maven.apache.org/surefire/maven-surefire-plugin/xsd/surefire-test-report.xsd" version="3.0.2" name="com.filehub.client.DemoApplicationTests" time="9.555" tests="1" errors="0" skipped="0" failures="0">
  <properties>
[...]
</properties>
  <testcase name="contextLoads" classname="com.filehub.client.DemoApplicationTests" time="1.131">
    <system-out><![CDATA[01:09:28.894 [main] INFO org.springframework.test.context.support.AnnotationConfigContextLoaderUtils -- Could not detect default configuration classes for test class [com.filehub.client.DemoApplicationTests]: DemoApplicationTests does not declare any static, non-private, non-final, nested classes annotated with @Configuration.
01:09:29.139 [main] INFO org.springframework.boot.test.context.SpringBootTestContextBootstrapper -- Found @SpringBootConfiguration com.filehub.client.DemoApplication for test class com.filehub.client.DemoApplicationTests
01:09:29.448 [main] INFO org.springframework.boot.devtools.restart.RestartApplicationListener -- Restart disabled due to context in which it is running

  .   ____          _            __ _ _
 /\\ / ___'_ __ _ _(_)_ __  __ _ \ \ \ \
( ( )\___ | '_ | '_| | '_ \/ _` | \ \ \ \
 \\/  ___)| |_)| | | | | || (_| |  ) ) ) )
  '  |____| .__|_| |_|_| |_\__, | / / / /
 =========|_|==============|___/=/_/_/_/

 :: Spring Boot ::                (v3.5.6)

2025-10-12T01:09:29.909+05:30  INFO 8608 --- [FileHubClient] [           main] c.filehub.client.DemoApplicationTests    : Starting DemoApplicationTests using Java 20.0.1 with PID 8608 (started by Vishwa in D:\Spring boot practice\FileHubClient\FileHubClient)
2025-10-12T01:09:29.911+05:30  INFO 8608 --- [FileHubClient] [           main] c.filehub.client.DemoApplicationTests    : No active profile set, falling back to 1 default profile: "default"
2025-10-12T01:09:31.526+05:30  INFO 8608 --- [FileHubClient] [           main] .s.d.r.c.RepositoryConfigurationDelegate : Bootstrapping Spring Data JPA repositories in DEFAULT mode.
2025-10-12T01:09:31.660+05:30  INFO 8608 --- [FileHubClient] [           main] .s.d.r.c.RepositoryConfigurationDelegate : Finished Spring Data repository scanning in 112 ms. Found 2 JPA repository interfaces.
2025-10-12T01:09:32.673+05:30  INFO 8608 --- [FileHubClient] [           main] o.hibernate.jpa.internal.util.LogHelper  : HHH000204: Processing PersistenceUnitInfo [name: default]
2025-10-12T01:09:32.786+05:30  INFO 8608 --- [FileHubClient] [           main] org.hibernate.Version                    : HHH000412: Hibernate ORM core version 6.6.29.Final
2025-10-12T01:09:32.853+05:30  INFO 8608 --- [FileHubClient] [           main] o.h.c.internal.RegionFactoryInitiator    : HHH000026: Second-level cache disabled
2025-10-12T01:09:33.459+05:30  INFO 8608 --- [FileHubClient] [           main] o.s.o.j.p.SpringPersistenceUnitInfo      : No LoadTimeWeaver setup: ignoring JPA class transformer
2025-10-12T01:09:33.522+05:30  INFO 8608 --- [FileHubClient] [           main] com.zaxxer.hikari.HikariDataSource       : HikariPool-1 - Starting...
2025-10-12T01:09:33.841+05:30  INFO 8608 --- [FileHubClient] [           main] com.zaxxer.hikari.pool.HikariPool        : HikariPool-1 - Added connection com.mysql.cj.jdbc.ConnectionImpl@598778cc
2025-10-12T01:09:33.844+05:30  INFO 8608 --- [FileHubClient] [           main] com.zaxxer.hikari.HikariDataSource       : HikariPool-1 - Start completed.
2025-10-12T01:09:33.914+05:30  WARN 8608 --- [FileHubClient] [           main] org.hibernate.orm.deprecation            : HHH90000025: MySQLDialect does not need to be specified explicitly using 'hibernate.dialect' (remove the property setting and it will be selected by default)
2025-10-12T01:09:33.942+05:30  INFO 8608 --- [FileHubClient] [           main] org.hibernate.orm.connections.pooling    : HHH10001005: Database info:
	Database JDBC URL [Connecting through datasource 'HikariDataSource (HikariPool-1)']
	Database driver: undefined/unknown
	Database version: 8.0.32
	Autocommit mode: undefined/unknown
	Isolation level: undefined/unknown
	Minimum pool size: undefined/unknown
	Maximum pool size: undefined/unknown
2025-10-12T01:09:34.994+05:30  INFO 8608 --- [FileHubClient] [           main] o.h.e.t.j.p.i.JtaPlatformInitiator       : HHH000489: No JTA platform available (set 'hibernate.transaction.jta.platform' to enable JTA platform integration)
2025-10-12T01:09:35.080+05:30  INFO 8608 --- [FileHubClient] [           main] j.LocalContainerEntityManagerFactoryBean : Initialized JPA EntityManagerFactory for persistence unit 'default'
2025-10-12T01:09:35.786+05:30  WARN 8608 --- [FileHubClient] [           main] JpaBaseConfiguration$JpaWebConfiguration : spring.jpa.open-in-view is enabled by default. Therefore, database queries may be performed during view rendering. Explicitly configure spring.jpa.open-in-view to disable this warning
2025-10-12T01:09:36.193+05:30  INFO 8608 --- [FileHubClient] [           main] eAuthenticationProviderManagerConfigurer : Global AuthenticationManager configured with AuthenticationProvider bean with name authenticationProvider
2025-10-12T01:09:36.194+05:30  WARN 8608 --- [FileHubClient] [           main] r$InitializeUserDetailsManagerConfigurer : Global AuthenticationManager configured with an AuthenticationProvider bean. UserDetailsService beans will not be used by Spring Security for automatically configuring username/password login. Consider removing the AuthenticationProvider bean. Alternatively, consider using the UserDetailsService in a manually instantiated DaoAuthenticationProvider. If the current configuration is intentional, to turn off this warning, increase the logging level of 'org.springframework.security.config.annotation.authentication.configuration.InitializeUserDetailsBeanManagerConfigurer' to ERROR
2025-10-12T01:09:37.053+05:30  INFO 8608 --- [FileHubClient] [           main] c.filehub.client.DemoApplicationTests    : Started DemoApplicationTests in 7.618 seconds (process running for 9.622)
]]></system-out>
  </testcase>
</testsuite>